<?xml version="1.0" encoding="UTF-8"?>
<!-- Generated by org.testng.reporters.JUnitReportReporter -->
<testsuite hostname="LAPTOP-6C6OUH86" failures="0" tests="6" name="testngpkg.Testngdemo" time="0.041" errors="0" timestamp="2024-11-04T00:15:17 IST" skipped="1">
  <testcase classname="testngpkg.Testngdemo" name="test1" time="0.011"/>
  <system-out/>
  <testcase classname="testngpkg.Testngdemo" name="test4" time="0.008"/>
  <system-out/>
  <testcase classname="testngpkg.Testngdemo" name="test2" time="0.005"/>
  <system-out/>
  <testcase classname="testngpkg.Testngdemo" name="test2" time="0.012"/>
  <system-out/>
  <testcase classname="testngpkg.Testngdemo" name="test2" time="0.005"/>
  <system-out/>
  <testcase classname="testngpkg.Testngdemo" name="test3">
    <skipped/>
  </testcase> <!-- test3 -->
  <system-out/>
</testsuite> <!-- testngpkg.Testngdemo -->
