<?xml version="1.0" encoding="UTF-8"?>
<!-- Generated by org.testng.reporters.JUnitReportReporter -->
<testsuite hostname="LAPTOP-6C6OUH86" failures="0" tests="1" name="testngpkg.DragandDrop" time="1.551" errors="0" timestamp="2024-10-24T15:35:04 IST" skipped="0">
  <testcase classname="testngpkg.DragandDrop" name="testDragAndDrop" time="1.551"/>
  <system-out/>
</testsuite> <!-- testngpkg.DragandDrop -->
