<?xml version="1.0" encoding="UTF-8"?>
<!-- Generated by org.testng.reporters.JUnitReportReporter -->
<testsuite hostname="LAPTOP-6C6OUH86" failures="0" tests="6" name="testngpkg.Testngdemo1$Testngdemo" time="0.060" errors="0" timestamp="2024-10-22T13:15:31 IST" skipped="0">
  <testcase classname="testngpkg.Testngdemo1$Testngdemo" name="test3" time="0.014"/>
  <system-out/>
  <testcase classname="testngpkg.Testngdemo1$Testngdemo" name="test1" time="0.017"/>
  <system-out/>
  <testcase classname="testngpkg.Testngdemo1$Testngdemo" name="test4" time="0.007"/>
  <system-out/>
  <testcase classname="testngpkg.Testngdemo1$Testngdemo" name="test2" time="0.010"/>
  <system-out/>
  <testcase classname="testngpkg.Testngdemo1$Testngdemo" name="test2" time="0.006"/>
  <system-out/>
  <testcase classname="testngpkg.Testngdemo1$Testngdemo" name="test2" time="0.006"/>
  <system-out/>
</testsuite> <!-- testngpkg.Testngdemo1$Testngdemo -->
