<?xml version="1.0" encoding="UTF-8"?>
<!-- Generated by org.testng.reporters.JUnitReportReporter -->
<testsuite hostname="LAPTOP-6C6OUH86" failures="0" tests="2" name="testngpkg.Crossbrowsertesting" time="2.628" errors="0" timestamp="2024-10-22T15:36:31 IST" skipped="0">
  <testcase classname="testngpkg.Crossbrowsertesting" name="test" time="1.251"/>
  <system-out/>
  <testcase classname="testngpkg.Crossbrowsertesting" name="test" time="1.377"/>
  <system-out/>
</testsuite> <!-- testngpkg.Crossbrowsertesting -->
