<?xml version="1.0" encoding="UTF-8"?>
<!-- Generated by org.testng.reporters.JUnitReportReporter -->
<testsuite hostname="LAPTOP-6C6OUH86" failures="0" tests="1" name="testngpkg.Parameterisation" time="0.017" errors="0" timestamp="2024-10-22T14:08:02 IST" skipped="0">
  <testcase classname="testngpkg.Parameterisation" name="test" time="0.017"/>
  <system-out/>
</testsuite> <!-- testngpkg.Parameterisation -->
