<?xml version="1.0" encoding="UTF-8"?>
<!-- Generated by org.testng.reporters.JUnitReportReporter -->
<testsuite hostname="LAPTOP-6C6OUH86" failures="0" tests="1" name="junitpkg.Demoguru99" time="3.615" errors="0" timestamp="2024-10-23T15:29:20 IST" skipped="0">
  <testcase classname="junitpkg.Demoguru99" name="Test" time="3.615"/>
  <system-out/>
</testsuite> <!-- junitpkg.Demoguru99 -->
