<?xml version="1.0" encoding="UTF-8"?>
<!-- Generated by org.testng.reporters.JUnitReportReporter -->
<testsuite hostname="LAPTOP-6C6OUH86" failures="0" tests="1" name="junitpkg.Copypaste" time="1.763" errors="0" timestamp="2024-10-23T14:18:35 IST" skipped="0">
  <testcase classname="junitpkg.Copypaste" name="Test" time="1.763"/>
  <system-out/>
</testsuite> <!-- junitpkg.Copypaste -->
