<?xml version="1.0" encoding="UTF-8"?>
<!-- Generated by org.testng.reporters.JUnitReportReporter -->
<testsuite hostname="LAPTOP-6C6OUH86" failures="0" tests="1" name="testngpkg.Fileuploadrobot" time="4.356" errors="0" timestamp="2024-11-04T00:13:31 IST" skipped="0">
  <testcase classname="testngpkg.Fileuploadrobot" name="fileuploadpgm" time="4.356"/>
  <system-out/>
</testsuite> <!-- testngpkg.Fileuploadrobot -->
