<?xml version="1.0" encoding="UTF-8"?>
<!-- Generated by org.testng.reporters.JUnitReportReporter -->
<testsuite hostname="LAPTOP-6C6OUH86" failures="0" tests="1" name="testngpkg.Ebayweb" time="3.474" errors="0" timestamp="2024-11-05T20:55:47 IST" skipped="0">
  <testcase classname="testngpkg.Ebayweb" name="test" time="3.474"/>
  <system-out/>
</testsuite> <!-- testngpkg.Ebayweb -->
