<?xml version="1.0" encoding="UTF-8"?>
<!-- Generated by org.testng.reporters.JUnitReportReporter -->
<testsuite hostname="LAPTOP-6C6OUH86" failures="0" tests="1" name="testngpkg.Windowhandler" time="4.289" errors="0" timestamp="2024-11-06T14:18:22 IST" skipped="0">
  <testcase classname="testngpkg.Windowhandler" name="test" time="4.289"/>
  <system-out/>
</testsuite> <!-- testngpkg.Windowhandler -->
